# JRE version: OpenJDK Runtime Environment (17.0.6) (build 17.0.6+0-b2043.56-9586694)
# Java VM: OpenJDK 64-Bit Server VM (17.0.6+0-b2043.56-9586694, mixed mode, tiered, compressed oops, compressed class ptrs, g1 gc, windows-amd64)
GC Precious Log:
 CPUs: 8 total, 8 available
 Memory: 16110M
 Large Page Support: Disabled
 NUMA Support: Disabled
 Compressed Oops: Enabled (32-bit)
 Heap Region Size: 1M
 Heap Min Capacity: 8M
 Heap Initial Capacity: 252M
 Heap Max Capacity: 2G
 Pre-touch: Disabled
 Parallel Workers: 8
 Concurrent Workers: 2
 Concurrent Refinement Workers: 8
 Periodic GC: Disabled
Heap:
 garbage-first heap   total 430080K, used 326016K [0x0000000080000000, 0x0000000100000000)
  region size 1024K, 56 young (57344K), 8 survivors (8192K)
 Metaspace       used 144458K, committed 146176K, reserved 1179648K
  class space    used 19448K, committed 20224K, reserved 1048576K
GC Heap History (20 events):
Event: 1330.841 GC heap before
{Heap before GC invocations=43 (full 0):
 garbage-first heap   total 430080K, used 346913K [0x0000000080000000, 0x0000000100000000)
  region size 1024K, 156 young (159744K), 8 survivors (8192K)
 Metaspace       used 139720K, committed 140992K, reserved 1171456K
  class space    used 18996K, committed 19584K, reserved 1048576K
}
Event: 1330.848 GC heap after
{Heap after GC invocations=44 (full 0):
 garbage-first heap   total 430080K, used 199620K [0x0000000080000000, 0x0000000100000000)
  region size 1024K, 11 young (11264K), 11 survivors (11264K)
 Metaspace       used 139720K, committed 140992K, reserved 1171456K
  class space    used 18996K, committed 19584K, reserved 1048576K
}
Event: 1332.584 GC heap before
{Heap before GC invocations=44 (full 0):
 garbage-first heap   total 430080K, used 352196K [0x0000000080000000, 0x0000000100000000)
  region size 1024K, 159 young (162816K), 11 survivors (11264K)
 Metaspace       used 140902K, committed 142208K, reserved 1171456K
  class space    used 19122K, committed 19712K, reserved 1048576K
}
Event: 1332.596 GC heap after
{Heap after GC invocations=45 (full 0):
 garbage-first heap   total 430080K, used 208275K [0x0000000080000000, 0x0000000100000000)
  region size 1024K, 16 young (16384K), 16 survivors (16384K)
 Metaspace       used 140902K, committed 142208K, reserved 1171456K
  class space    used 19122K, committed 19712K, reserved 1048576K
}
Event: 1478.331 GC heap before
{Heap before GC invocations=45 (full 0):
 garbage-first heap   total 430080K, used 372115K [0x0000000080000000, 0x0000000100000000)
  region size 1024K, 156 young (159744K), 16 survivors (16384K)
 Metaspace       used 141949K, committed 143232K, reserved 1179648K
  class space    used 19165K, committed 19776K, reserved 1048576K
}
Event: 1478.338 GC heap after
{Heap after GC invocations=46 (full 0):
 garbage-first heap   total 430080K, used 201475K [0x0000000080000000, 0x0000000100000000)
  region size 1024K, 7 young (7168K), 7 survivors (7168K)
 Metaspace       used 141949K, committed 143232K, reserved 1179648K
  class space    used 19165K, committed 19776K, reserved 1048576K
}
Event: 1480.487 GC heap before
{Heap before GC invocations=46 (full 0):
 garbage-first heap   total 430080K, used 373507K [0x0000000080000000, 0x0000000100000000)
  region size 1024K, 157 young (160768K), 7 survivors (7168K)
 Metaspace       used 142351K, committed 143616K, reserved 1179648K
  class space    used 19172K, committed 19776K, reserved 1048576K
}
Event: 1480.497 GC heap after
{Heap after GC invocations=47 (full 0):
 garbage-first heap   total 430080K, used 212146K [0x0000000080000000, 0x0000000100000000)
  region size 1024K, 18 young (18432K), 18 survivors (18432K)
 Metaspace       used 142351K, committed 143616K, reserved 1179648K
  class space    used 19172K, committed 19776K, reserved 1048576K
}
Event: 1519.701 GC heap before
{Heap before GC invocations=47 (full 0):
 garbage-first heap   total 430080K, used 388274K [0x0000000080000000, 0x0000000100000000)
  region size 1024K, 157 young (160768K), 18 survivors (18432K)
 Metaspace       used 142680K, committed 143936K, reserved 1179648K
  class space    used 19178K, committed 19776K, reserved 1048576K
}
Event: 1519.718 GC heap after
{Heap after GC invocations=48 (full 0):
 garbage-first heap   total 430080K, used 219720K [0x0000000080000000, 0x0000000100000000)
  region size 1024K, 12 young (12288K), 12 survivors (12288K)
 Metaspace       used 142680K, committed 143936K, reserved 1179648K
  class space    used 19178K, committed 19776K, reserved 1048576K
}
Event: 1672.770 GC heap before
{Heap before GC invocations=48 (full 0):
 garbage-first heap   total 430080K, used 368200K [0x0000000080000000, 0x0000000100000000)
  region size 1024K, 143 young (146432K), 12 survivors (12288K)
 Metaspace       used 143131K, committed 144512K, reserved 1179648K
  class space    used 19255K, committed 19904K, reserved 1048576K
}
Event: 1672.778 GC heap after
{Heap after GC invocations=49 (full 0):
 garbage-first heap   total 430080K, used 226453K [0x0000000080000000, 0x0000000100000000)
  region size 1024K, 8 young (8192K), 8 survivors (8192K)
 Metaspace       used 143131K, committed 144512K, reserved 1179648K
  class space    used 19255K, committed 19904K, reserved 1048576K
}
Event: 1674.346 GC heap before
{Heap before GC invocations=49 (full 0):
 garbage-first heap   total 430080K, used 375957K [0x0000000080000000, 0x0000000100000000)
  region size 1024K, 136 young (139264K), 8 survivors (8192K)
 Metaspace       used 143716K, committed 145344K, reserved 1179648K
  class space    used 19373K, committed 20160K, reserved 1048576K
}
Event: 1674.357 GC heap after
{Heap after GC invocations=50 (full 0):
 garbage-first heap   total 430080K, used 237894K [0x0000000080000000, 0x0000000100000000)
  region size 1024K, 17 young (17408K), 17 survivors (17408K)
 Metaspace       used 143716K, committed 145344K, reserved 1179648K
  class space    used 19373K, committed 20160K, reserved 1048576K
}
Event: 1720.795 GC heap before
{Heap before GC invocations=50 (full 0):
 garbage-first heap   total 430080K, used 372038K [0x0000000080000000, 0x0000000100000000)
  region size 1024K, 134 young (137216K), 17 survivors (17408K)
 Metaspace       used 144075K, committed 145792K, reserved 1179648K
  class space    used 19429K, committed 20224K, reserved 1048576K
}
Event: 1720.808 GC heap after
{Heap after GC invocations=51 (full 0):
 garbage-first heap   total 430080K, used 246622K [0x0000000080000000, 0x0000000100000000)
  region size 1024K, 12 young (12288K), 12 survivors (12288K)
 Metaspace       used 144075K, committed 145792K, reserved 1179648K
  class space    used 19429K, committed 20224K, reserved 1048576K
}
Event: 1845.189 GC heap before
{Heap before GC invocations=51 (full 0):
 garbage-first heap   total 430080K, used 396126K [0x0000000080000000, 0x0000000100000000)
  region size 1024K, 120 young (122880K), 12 survivors (12288K)
 Metaspace       used 144326K, committed 146048K, reserved 1179648K
  class space    used 19448K, committed 20224K, reserved 1048576K
}
Event: 1845.203 GC heap after
{Heap after GC invocations=52 (full 0):
 garbage-first heap   total 430080K, used 258476K [0x0000000080000000, 0x0000000100000000)
  region size 1024K, 13 young (13312K), 13 survivors (13312K)
 Metaspace       used 144326K, committed 146048K, reserved 1179648K
  class space    used 19448K, committed 20224K, reserved 1048576K
}
Event: 1846.608 GC heap before
{Heap before GC invocations=52 (full 0):
 garbage-first heap   total 430080K, used 375212K [0x0000000080000000, 0x0000000100000000)
  region size 1024K, 109 young (111616K), 13 survivors (13312K)
 Metaspace       used 144437K, committed 146112K, reserved 1179648K
  class space    used 19448K, committed 20224K, reserved 1048576K
}
Event: 1846.618 GC heap after
{Heap after GC invocations=53 (full 0):
 garbage-first heap   total 430080K, used 265600K [0x0000000080000000, 0x0000000100000000)
  region size 1024K, 8 young (8192K), 8 survivors (8192K)
 Metaspace       used 144437K, committed 146112K, reserved 1179648K
  class space    used 19448K, committed 20224K, reserved 1048576K
}

